<?xml version="1.0" encoding="UTF-8"?>
<!-- Generated by org.testng.reporters.JUnitReportReporter -->
<testsuite hostname="LAPTOP-H1C7STNE" failures="0" tests="3" name="testngstudy.testngkeyword2" time="0.015" errors="0" timestamp="2022-06-02T14:43:22 IST" skipped="0">
  <testcase classname="testngstudy.testngkeyword2" name="a" time="0.012"/>
  <system-out>
    <![CDATA[m1 method call]]>
  </system-out>
  <testcase classname="testngstudy.testngkeyword2" name="b" time="0.002"/>
  <system-out>
    <![CDATA[m2 method call]]>
  </system-out>
  <testcase classname="testngstudy.testngkeyword2" name="c" time="0.001"/>
  <system-out>
    <![CDATA[m3 method call]]>
  </system-out>
</testsuite> <!-- testngstudy.testngkeyword2 -->
