<?xml version="1.0" encoding="UTF-8"?>
<!-- Generated by org.testng.reporters.JUnitReportReporter -->
<testsuite hostname="LAPTOP-H1C7STNE" failures="0" tests="4" name="testngstudy.testclass" time="9.397" errors="0" timestamp="2022-05-29T13:47:09 IST" skipped="0">
  <testcase classname="testngstudy.testclass" name="display3" time="0.001"/>
  <system-out>
    <![CDATA[hii good morning3]]>
  </system-out>
  <testcase classname="testngstudy.testclass" name="display1" time="0.012"/>
  <system-out/>
  <testcase classname="testngstudy.testclass" name="mymethod1" time="9.381"/>
  <system-out/>
  <testcase classname="testngstudy.testclass" name="display2" time="0.003"/>
  <system-out>
    <![CDATA[hii good morning2]]>
  </system-out>
</testsuite> <!-- testngstudy.testclass -->
