<?xml version="1.0" encoding="UTF-8"?>
<!-- Generated by org.testng.reporters.JUnitReportReporter -->
<testsuite hostname="LAPTOP-H1C7STNE" failures="0" tests="1" name="testngstudy.annotation" time="0.006" errors="0" timestamp="2022-05-29T13:46:44 IST" skipped="0">
  <testcase classname="testngstudy.annotation" name="testcase" time="0.006"/>
  <system-out>
    <![CDATA[validate id and password]]>
  </system-out>
</testsuite> <!-- testngstudy.annotation -->
