<?xml version="1.0" encoding="UTF-8"?>
<!-- Generated by org.testng.reporters.JUnitReportReporter -->
<testsuite hostname="LAPTOP-H1C7STNE" failures="0" tests="1" name="testngstudy.Annotationstudy" time="14.966" errors="0" timestamp="2022-05-29T13:46:19 IST" skipped="0">
  <testcase classname="testngstudy.Annotationstudy" name="checkuseridpassword" time="14.966"/>
  <system-out>
    <![CDATA[username is validated]]>
  </system-out>
</testsuite> <!-- testngstudy.Annotationstudy -->
