<?xml version="1.0" encoding="UTF-8"?>
<!-- Generated by org.testng.reporters.JUnitReportReporter -->
<testsuite hostname="LAPTOP-H1C7STNE" failures="0" tests="4" name="testngstudy.multibrowser" time="23.825" errors="0" timestamp="2022-05-22T15:15:18 IST" skipped="0">
  <testcase classname="testngstudy.multibrowser" name="m1" time="4.098"/>
  <system-out/>
  <testcase classname="testngstudy.multibrowser" name="m4" time="7.820"/>
  <system-out/>
  <testcase classname="testngstudy.multibrowser" name="m2" time="4.287"/>
  <system-out/>
  <testcase classname="testngstudy.multibrowser" name="m3" time="7.620"/>
  <system-out/>
</testsuite> <!-- testngstudy.multibrowser -->
